<?xml version="1.0" encoding="UTF-8"?>
<!-- Generated by org.testng.reporters.JUnitReportReporter -->
<testsuite hostname="HP" failures="0" tests="2" name="com.qa.testcases.ExpediaPageTest" time="81.701" errors="0" timestamp="13 Oct 2019 23:18:42 GMT" skipped="0">
  <testcase classname="com.qa.testcases.ExpediaPageTest" name="verifyTitle" time="22.922"/>
  <testcase classname="com.qa.testcases.ExpediaPageTest" name="verifyNonStopFlyights" time="58.779"/>
</testsuite> <!-- com.qa.testcases.ExpediaPageTest -->
